[2025-03-19 15:13:24] local.ERROR: require(/Applications/MAMP/htdocs/proyectos/aplicaciones web/abogadosApp/backend-api-lawyer/routes/api_routes/member.php): Failed to open stream: No such file or directory {"exception":"[object] (ErrorException(code: 0): require(/Applications/MAMP/htdocs/proyectos/aplicaciones web/abogadosApp/backend-api-lawyer/routes/api_routes/member.php): Failed to open stream: No such file or directory at /Applications/MAMP/htdocs/proyectos/aplicaciones web/abogadosApp/backend-api-lawyer/routes/api.php:64)
[stacktrace]
#0 /Applications/MAMP/htdocs/proyectos/aplicaciones web/abogadosApp/backend-api-lawyer/routes/api.php(64): Illuminate\\Foundation\\Bootstrap\\HandleExceptions->handleError(2, 'require(/Applic...', '/Applications/M...', 64)
#1 /Applications/MAMP/htdocs/proyectos/aplicaciones web/abogadosApp/backend-api-lawyer/routes/api.php(64): require()
#2 /Applications/MAMP/htdocs/proyectos/aplicaciones web/abogadosApp/backend-api-lawyer/vendor/laravel/framework/src/Illuminate/Routing/Router.php(423): Illuminate\\Routing\\RouteFileRegistrar->{closure:/Applications/MAMP/htdocs/proyectos/aplicaciones web/abogadosApp/backend-api-lawyer/routes/api.php:55}(Object(Illuminate\\Routing\\Router))
#3 /Applications/MAMP/htdocs/proyectos/aplicaciones web/abogadosApp/backend-api-lawyer/vendor/laravel/framework/src/Illuminate/Routing/Router.php(382): Illuminate\\Routing\\Router->loadRoutes(Object(Closure))
#4 /Applications/MAMP/htdocs/proyectos/aplicaciones web/abogadosApp/backend-api-lawyer/vendor/laravel/framework/src/Illuminate/Support/Facades/Facade.php(261): Illuminate\\Routing\\Router->group(Array, Object(Closure))
#5 /Applications/MAMP/htdocs/proyectos/aplicaciones web/abogadosApp/backend-api-lawyer/routes/api.php(55): Illuminate\\Support\\Facades\\Facade::__callStatic('group', Array)
#6 /Applications/MAMP/htdocs/proyectos/aplicaciones web/abogadosApp/backend-api-lawyer/vendor/laravel/framework/src/Illuminate/Routing/RouteFileRegistrar.php(35): require('/Applications/M...')
#7 /Applications/MAMP/htdocs/proyectos/aplicaciones web/abogadosApp/backend-api-lawyer/vendor/laravel/framework/src/Illuminate/Routing/Router.php(425): Illuminate\\Routing\\RouteFileRegistrar->register('/Applications/M...')
#8 /Applications/MAMP/htdocs/proyectos/aplicaciones web/abogadosApp/backend-api-lawyer/vendor/laravel/framework/src/Illuminate/Routing/Router.php(382): Illuminate\\Routing\\Router->loadRoutes('/Applications/M...')
#9 /Applications/MAMP/htdocs/proyectos/aplicaciones web/abogadosApp/backend-api-lawyer/vendor/laravel/framework/src/Illuminate/Routing/RouteRegistrar.php(163): Illuminate\\Routing\\Router->group(Array, '/Applications/M...')
#10 /Applications/MAMP/htdocs/proyectos/aplicaciones web/abogadosApp/backend-api-lawyer/app/Providers/RouteServiceProvider.php(44): Illuminate\\Routing\\RouteRegistrar->group('/Applications/M...')
#11 /Applications/MAMP/htdocs/proyectos/aplicaciones web/abogadosApp/backend-api-lawyer/vendor/laravel/framework/src/Illuminate/Container/BoundMethod.php(36): App\\Providers\\RouteServiceProvider->{closure:App\\Providers\\RouteServiceProvider::boot():40}()
#12 /Applications/MAMP/htdocs/proyectos/aplicaciones web/abogadosApp/backend-api-lawyer/vendor/laravel/framework/src/Illuminate/Container/Util.php(40): Illuminate\\Container\\BoundMethod::{closure:Illuminate\\Container\\BoundMethod::call():35}()
#13 /Applications/MAMP/htdocs/proyectos/aplicaciones web/abogadosApp/backend-api-lawyer/vendor/laravel/framework/src/Illuminate/Container/BoundMethod.php(81): Illuminate\\Container\\Util::unwrapIfClosure(Object(Closure))
#14 /Applications/MAMP/htdocs/proyectos/aplicaciones web/abogadosApp/backend-api-lawyer/vendor/laravel/framework/src/Illuminate/Container/BoundMethod.php(35): Illuminate\\Container\\BoundMethod::callBoundMethod(Object(Illuminate\\Foundation\\Application), Object(Closure), Object(Closure))
#15 /Applications/MAMP/htdocs/proyectos/aplicaciones web/abogadosApp/backend-api-lawyer/vendor/laravel/framework/src/Illuminate/Container/Container.php(653): Illuminate\\Container\\BoundMethod::call(Object(Illuminate\\Foundation\\Application), Object(Closure), Array, NULL)
#16 /Applications/MAMP/htdocs/proyectos/aplicaciones web/abogadosApp/backend-api-lawyer/vendor/laravel/framework/src/Illuminate/Foundation/Support/Providers/RouteServiceProvider.php(120): Illuminate\\Container\\Container->call(Object(Closure))
#17 /Applications/MAMP/htdocs/proyectos/aplicaciones web/abogadosApp/backend-api-lawyer/vendor/laravel/framework/src/Illuminate/Foundation/Support/Providers/RouteServiceProvider.php(45): Illuminate\\Foundation\\Support\\Providers\\RouteServiceProvider->loadRoutes()
#18 /Applications/MAMP/htdocs/proyectos/aplicaciones web/abogadosApp/backend-api-lawyer/vendor/laravel/framework/src/Illuminate/Container/BoundMethod.php(36): Illuminate\\Foundation\\Support\\Providers\\RouteServiceProvider->{closure:Illuminate\\Foundation\\Support\\Providers\\RouteServiceProvider::register():39}()
#19 /Applications/MAMP/htdocs/proyectos/aplicaciones web/abogadosApp/backend-api-lawyer/vendor/laravel/framework/src/Illuminate/Container/Util.php(40): Illuminate\\Container\\BoundMethod::{closure:Illuminate\\Container\\BoundMethod::call():35}()
#20 /Applications/MAMP/htdocs/proyectos/aplicaciones web/abogadosApp/backend-api-lawyer/vendor/laravel/framework/src/Illuminate/Container/BoundMethod.php(81): Illuminate\\Container\\Util::unwrapIfClosure(Object(Closure))
#21 /Applications/MAMP/htdocs/proyectos/aplicaciones web/abogadosApp/backend-api-lawyer/vendor/laravel/framework/src/Illuminate/Container/BoundMethod.php(35): Illuminate\\Container\\BoundMethod::callBoundMethod(Object(Illuminate\\Foundation\\Application), Object(Closure), Object(Closure))
#22 /Applications/MAMP/htdocs/proyectos/aplicaciones web/abogadosApp/backend-api-lawyer/vendor/laravel/framework/src/Illuminate/Container/Container.php(653): Illuminate\\Container\\BoundMethod::call(Object(Illuminate\\Foundation\\Application), Object(Closure), Array, NULL)
#23 /Applications/MAMP/htdocs/proyectos/aplicaciones web/abogadosApp/backend-api-lawyer/vendor/laravel/framework/src/Illuminate/Support/ServiceProvider.php(119): Illuminate\\Container\\Container->call(Object(Closure))
#24 /Applications/MAMP/htdocs/proyectos/aplicaciones web/abogadosApp/backend-api-lawyer/vendor/laravel/framework/src/Illuminate/Foundation/Application.php(927): Illuminate\\Support\\ServiceProvider->callBootedCallbacks()
#25 /Applications/MAMP/htdocs/proyectos/aplicaciones web/abogadosApp/backend-api-lawyer/vendor/laravel/framework/src/Illuminate/Foundation/Application.php(905): Illuminate\\Foundation\\Application->bootProvider(Object(App\\Providers\\RouteServiceProvider))
#26 [internal function]: Illuminate\\Foundation\\Application->{closure:Illuminate\\Foundation\\Application::boot():904}(Object(App\\Providers\\RouteServiceProvider), 25)
#27 /Applications/MAMP/htdocs/proyectos/aplicaciones web/abogadosApp/backend-api-lawyer/vendor/laravel/framework/src/Illuminate/Foundation/Application.php(904): array_walk(Array, Object(Closure))
#28 /Applications/MAMP/htdocs/proyectos/aplicaciones web/abogadosApp/backend-api-lawyer/vendor/laravel/framework/src/Illuminate/Foundation/Bootstrap/BootProviders.php(17): Illuminate\\Foundation\\Application->boot()
#29 /Applications/MAMP/htdocs/proyectos/aplicaciones web/abogadosApp/backend-api-lawyer/vendor/laravel/framework/src/Illuminate/Foundation/Application.php(237): Illuminate\\Foundation\\Bootstrap\\BootProviders->bootstrap(Object(Illuminate\\Foundation\\Application))
#30 /Applications/MAMP/htdocs/proyectos/aplicaciones web/abogadosApp/backend-api-lawyer/vendor/laravel/framework/src/Illuminate/Foundation/Console/Kernel.php(310): Illuminate\\Foundation\\Application->bootstrapWith(Array)
#31 /Applications/MAMP/htdocs/proyectos/aplicaciones web/abogadosApp/backend-api-lawyer/vendor/laravel/framework/src/Illuminate/Foundation/Console/Kernel.php(127): Illuminate\\Foundation\\Console\\Kernel->bootstrap()
#32 Command line code(1): Illuminate\\Foundation\\Console\\Kernel->handle(Object(Symfony\\Component\\Console\\Input\\ArgvInput), Object(Symfony\\Component\\Console\\Output\\ConsoleOutput))
#33 {main}
"} 
[2025-03-19 15:13:30] local.ERROR: require(/Applications/MAMP/htdocs/proyectos/aplicaciones web/abogadosApp/backend-api-lawyer/routes/api_routes/member.php): Failed to open stream: No such file or directory {"exception":"[object] (ErrorException(code: 0): require(/Applications/MAMP/htdocs/proyectos/aplicaciones web/abogadosApp/backend-api-lawyer/routes/api_routes/member.php): Failed to open stream: No such file or directory at /Applications/MAMP/htdocs/proyectos/aplicaciones web/abogadosApp/backend-api-lawyer/routes/api.php:64)
[stacktrace]
#0 /Applications/MAMP/htdocs/proyectos/aplicaciones web/abogadosApp/backend-api-lawyer/routes/api.php(64): Illuminate\\Foundation\\Bootstrap\\HandleExceptions->handleError(2, 'require(/Applic...', '/Applications/M...', 64)
#1 /Applications/MAMP/htdocs/proyectos/aplicaciones web/abogadosApp/backend-api-lawyer/routes/api.php(64): require()
#2 /Applications/MAMP/htdocs/proyectos/aplicaciones web/abogadosApp/backend-api-lawyer/vendor/laravel/framework/src/Illuminate/Routing/Router.php(423): Illuminate\\Routing\\RouteFileRegistrar->{closure:/Applications/MAMP/htdocs/proyectos/aplicaciones web/abogadosApp/backend-api-lawyer/routes/api.php:55}(Object(Illuminate\\Routing\\Router))
#3 /Applications/MAMP/htdocs/proyectos/aplicaciones web/abogadosApp/backend-api-lawyer/vendor/laravel/framework/src/Illuminate/Routing/Router.php(382): Illuminate\\Routing\\Router->loadRoutes(Object(Closure))
#4 /Applications/MAMP/htdocs/proyectos/aplicaciones web/abogadosApp/backend-api-lawyer/vendor/laravel/framework/src/Illuminate/Support/Facades/Facade.php(261): Illuminate\\Routing\\Router->group(Array, Object(Closure))
#5 /Applications/MAMP/htdocs/proyectos/aplicaciones web/abogadosApp/backend-api-lawyer/routes/api.php(55): Illuminate\\Support\\Facades\\Facade::__callStatic('group', Array)
#6 /Applications/MAMP/htdocs/proyectos/aplicaciones web/abogadosApp/backend-api-lawyer/vendor/laravel/framework/src/Illuminate/Routing/RouteFileRegistrar.php(35): require('/Applications/M...')
#7 /Applications/MAMP/htdocs/proyectos/aplicaciones web/abogadosApp/backend-api-lawyer/vendor/laravel/framework/src/Illuminate/Routing/Router.php(425): Illuminate\\Routing\\RouteFileRegistrar->register('/Applications/M...')
#8 /Applications/MAMP/htdocs/proyectos/aplicaciones web/abogadosApp/backend-api-lawyer/vendor/laravel/framework/src/Illuminate/Routing/Router.php(382): Illuminate\\Routing\\Router->loadRoutes('/Applications/M...')
#9 /Applications/MAMP/htdocs/proyectos/aplicaciones web/abogadosApp/backend-api-lawyer/vendor/laravel/framework/src/Illuminate/Routing/RouteRegistrar.php(163): Illuminate\\Routing\\Router->group(Array, '/Applications/M...')
#10 /Applications/MAMP/htdocs/proyectos/aplicaciones web/abogadosApp/backend-api-lawyer/app/Providers/RouteServiceProvider.php(44): Illuminate\\Routing\\RouteRegistrar->group('/Applications/M...')
#11 /Applications/MAMP/htdocs/proyectos/aplicaciones web/abogadosApp/backend-api-lawyer/vendor/laravel/framework/src/Illuminate/Container/BoundMethod.php(36): App\\Providers\\RouteServiceProvider->{closure:App\\Providers\\RouteServiceProvider::boot():40}()
#12 /Applications/MAMP/htdocs/proyectos/aplicaciones web/abogadosApp/backend-api-lawyer/vendor/laravel/framework/src/Illuminate/Container/Util.php(40): Illuminate\\Container\\BoundMethod::{closure:Illuminate\\Container\\BoundMethod::call():35}()
#13 /Applications/MAMP/htdocs/proyectos/aplicaciones web/abogadosApp/backend-api-lawyer/vendor/laravel/framework/src/Illuminate/Container/BoundMethod.php(81): Illuminate\\Container\\Util::unwrapIfClosure(Object(Closure))
#14 /Applications/MAMP/htdocs/proyectos/aplicaciones web/abogadosApp/backend-api-lawyer/vendor/laravel/framework/src/Illuminate/Container/BoundMethod.php(35): Illuminate\\Container\\BoundMethod::callBoundMethod(Object(Illuminate\\Foundation\\Application), Object(Closure), Object(Closure))
#15 /Applications/MAMP/htdocs/proyectos/aplicaciones web/abogadosApp/backend-api-lawyer/vendor/laravel/framework/src/Illuminate/Container/Container.php(653): Illuminate\\Container\\BoundMethod::call(Object(Illuminate\\Foundation\\Application), Object(Closure), Array, NULL)
#16 /Applications/MAMP/htdocs/proyectos/aplicaciones web/abogadosApp/backend-api-lawyer/vendor/laravel/framework/src/Illuminate/Foundation/Support/Providers/RouteServiceProvider.php(120): Illuminate\\Container\\Container->call(Object(Closure))
#17 /Applications/MAMP/htdocs/proyectos/aplicaciones web/abogadosApp/backend-api-lawyer/vendor/laravel/framework/src/Illuminate/Foundation/Support/Providers/RouteServiceProvider.php(45): Illuminate\\Foundation\\Support\\Providers\\RouteServiceProvider->loadRoutes()
#18 /Applications/MAMP/htdocs/proyectos/aplicaciones web/abogadosApp/backend-api-lawyer/vendor/laravel/framework/src/Illuminate/Container/BoundMethod.php(36): Illuminate\\Foundation\\Support\\Providers\\RouteServiceProvider->{closure:Illuminate\\Foundation\\Support\\Providers\\RouteServiceProvider::register():39}()
#19 /Applications/MAMP/htdocs/proyectos/aplicaciones web/abogadosApp/backend-api-lawyer/vendor/laravel/framework/src/Illuminate/Container/Util.php(40): Illuminate\\Container\\BoundMethod::{closure:Illuminate\\Container\\BoundMethod::call():35}()
#20 /Applications/MAMP/htdocs/proyectos/aplicaciones web/abogadosApp/backend-api-lawyer/vendor/laravel/framework/src/Illuminate/Container/BoundMethod.php(81): Illuminate\\Container\\Util::unwrapIfClosure(Object(Closure))
#21 /Applications/MAMP/htdocs/proyectos/aplicaciones web/abogadosApp/backend-api-lawyer/vendor/laravel/framework/src/Illuminate/Container/BoundMethod.php(35): Illuminate\\Container\\BoundMethod::callBoundMethod(Object(Illuminate\\Foundation\\Application), Object(Closure), Object(Closure))
#22 /Applications/MAMP/htdocs/proyectos/aplicaciones web/abogadosApp/backend-api-lawyer/vendor/laravel/framework/src/Illuminate/Container/Container.php(653): Illuminate\\Container\\BoundMethod::call(Object(Illuminate\\Foundation\\Application), Object(Closure), Array, NULL)
#23 /Applications/MAMP/htdocs/proyectos/aplicaciones web/abogadosApp/backend-api-lawyer/vendor/laravel/framework/src/Illuminate/Support/ServiceProvider.php(119): Illuminate\\Container\\Container->call(Object(Closure))
#24 /Applications/MAMP/htdocs/proyectos/aplicaciones web/abogadosApp/backend-api-lawyer/vendor/laravel/framework/src/Illuminate/Foundation/Application.php(927): Illuminate\\Support\\ServiceProvider->callBootedCallbacks()
#25 /Applications/MAMP/htdocs/proyectos/aplicaciones web/abogadosApp/backend-api-lawyer/vendor/laravel/framework/src/Illuminate/Foundation/Application.php(905): Illuminate\\Foundation\\Application->bootProvider(Object(App\\Providers\\RouteServiceProvider))
#26 [internal function]: Illuminate\\Foundation\\Application->{closure:Illuminate\\Foundation\\Application::boot():904}(Object(App\\Providers\\RouteServiceProvider), 25)
#27 /Applications/MAMP/htdocs/proyectos/aplicaciones web/abogadosApp/backend-api-lawyer/vendor/laravel/framework/src/Illuminate/Foundation/Application.php(904): array_walk(Array, Object(Closure))
#28 /Applications/MAMP/htdocs/proyectos/aplicaciones web/abogadosApp/backend-api-lawyer/vendor/laravel/framework/src/Illuminate/Foundation/Bootstrap/BootProviders.php(17): Illuminate\\Foundation\\Application->boot()
#29 /Applications/MAMP/htdocs/proyectos/aplicaciones web/abogadosApp/backend-api-lawyer/vendor/laravel/framework/src/Illuminate/Foundation/Application.php(237): Illuminate\\Foundation\\Bootstrap\\BootProviders->bootstrap(Object(Illuminate\\Foundation\\Application))
#30 /Applications/MAMP/htdocs/proyectos/aplicaciones web/abogadosApp/backend-api-lawyer/vendor/laravel/framework/src/Illuminate/Foundation/Console/Kernel.php(310): Illuminate\\Foundation\\Application->bootstrapWith(Array)
#31 /Applications/MAMP/htdocs/proyectos/aplicaciones web/abogadosApp/backend-api-lawyer/vendor/laravel/framework/src/Illuminate/Foundation/Console/Kernel.php(127): Illuminate\\Foundation\\Console\\Kernel->bootstrap()
#32 Command line code(1): Illuminate\\Foundation\\Console\\Kernel->handle(Object(Symfony\\Component\\Console\\Input\\ArgvInput), Object(Symfony\\Component\\Console\\Output\\ConsoleOutput))
#33 {main}
"} 
