[2025-02-12 15:20:11] local.ERROR: SQLSTATE[HY000]: General error: 1215 Cannot add foreign key constraint (SQL: alter table `payments` add constraint `payments_curso_id_foreign` foreign key (`curso_id`) references `cursos` (`id`) on delete cascade) {"exception":"[object] (Illuminate\\Database\\QueryException(code: HY000): SQLSTATE[HY000]: General error: 1215 Cannot add foreign key constraint (SQL: alter table `payments` add constraint `payments_curso_id_foreign` foreign key (`curso_id`) references `cursos` (`id`) on delete cascade) at /Applications/MAMP/htdocs/proyectos/2024/abogadosApp/backend-api-lawyer/vendor/laravel/framework/src/Illuminate/Database/Connection.php:712)
[stacktrace]
#0 /Applications/MAMP/htdocs/proyectos/2024/abogadosApp/backend-api-lawyer/vendor/laravel/framework/src/Illuminate/Database/Connection.php(672): Illuminate\\Database\\Connection->runQueryCallback('alter table `pa...', Array, Object(Closure))
#1 /Applications/MAMP/htdocs/proyectos/2024/abogadosApp/backend-api-lawyer/vendor/laravel/framework/src/Illuminate/Database/Connection.php(490): Illuminate\\Database\\Connection->run('alter table `pa...', Array, Object(Closure))
#2 /Applications/MAMP/htdocs/proyectos/2024/abogadosApp/backend-api-lawyer/vendor/laravel/framework/src/Illuminate/Database/Schema/Blueprint.php(109): Illuminate\\Database\\Connection->statement('alter table `pa...')
#3 /Applications/MAMP/htdocs/proyectos/2024/abogadosApp/backend-api-lawyer/vendor/laravel/framework/src/Illuminate/Database/Schema/Builder.php(364): Illuminate\\Database\\Schema\\Blueprint->build(Object(Illuminate\\Database\\MySqlConnection), Object(Illuminate\\Database\\Schema\\Grammars\\MySqlGrammar))
#4 /Applications/MAMP/htdocs/proyectos/2024/abogadosApp/backend-api-lawyer/vendor/laravel/framework/src/Illuminate/Database/Schema/Builder.php(223): Illuminate\\Database\\Schema\\Builder->build(Object(Illuminate\\Database\\Schema\\Blueprint))
#5 /Applications/MAMP/htdocs/proyectos/2024/abogadosApp/backend-api-lawyer/vendor/laravel/framework/src/Illuminate/Support/Facades/Facade.php(261): Illuminate\\Database\\Schema\\Builder->create('payments', Object(Closure))
#6 /Applications/MAMP/htdocs/proyectos/2024/abogadosApp/backend-api-lawyer/database/migrations/2022_12_09_225551_create_payments_table.php(17): Illuminate\\Support\\Facades\\Facade::__callStatic('create', Array)
#7 /Applications/MAMP/htdocs/proyectos/2024/abogadosApp/backend-api-lawyer/vendor/laravel/framework/src/Illuminate/Database/Migrations/Migrator.php(472): CreatePaymentsTable->up()
#8 /Applications/MAMP/htdocs/proyectos/2024/abogadosApp/backend-api-lawyer/vendor/laravel/framework/src/Illuminate/Database/Migrations/Migrator.php(394): Illuminate\\Database\\Migrations\\Migrator->runMethod(Object(Illuminate\\Database\\MySqlConnection), Object(CreatePaymentsTable), 'up')
#9 /Applications/MAMP/htdocs/proyectos/2024/abogadosApp/backend-api-lawyer/vendor/laravel/framework/src/Illuminate/Database/Migrations/Migrator.php(403): Illuminate\\Database\\Migrations\\Migrator->{closure:Illuminate\\Database\\Migrations\\Migrator::runMigration():390}()
#10 /Applications/MAMP/htdocs/proyectos/2024/abogadosApp/backend-api-lawyer/vendor/laravel/framework/src/Illuminate/Database/Migrations/Migrator.php(202): Illuminate\\Database\\Migrations\\Migrator->runMigration(Object(CreatePaymentsTable), 'up')
#11 /Applications/MAMP/htdocs/proyectos/2024/abogadosApp/backend-api-lawyer/vendor/laravel/framework/src/Illuminate/Database/Migrations/Migrator.php(167): Illuminate\\Database\\Migrations\\Migrator->runUp('/Applications/M...', 1, false)
#12 /Applications/MAMP/htdocs/proyectos/2024/abogadosApp/backend-api-lawyer/vendor/laravel/framework/src/Illuminate/Database/Migrations/Migrator.php(112): Illuminate\\Database\\Migrations\\Migrator->runPending(Array, Array)
#13 /Applications/MAMP/htdocs/proyectos/2024/abogadosApp/backend-api-lawyer/vendor/laravel/framework/src/Illuminate/Database/Console/Migrations/MigrateCommand.php(84): Illuminate\\Database\\Migrations\\Migrator->run(Array, Array)
#14 /Applications/MAMP/htdocs/proyectos/2024/abogadosApp/backend-api-lawyer/vendor/laravel/framework/src/Illuminate/Database/Migrations/Migrator.php(606): Illuminate\\Database\\Console\\Migrations\\MigrateCommand->{closure:Illuminate\\Database\\Console\\Migrations\\MigrateCommand::handle():77}()
#15 /Applications/MAMP/htdocs/proyectos/2024/abogadosApp/backend-api-lawyer/vendor/laravel/framework/src/Illuminate/Database/Console/Migrations/MigrateCommand.php(77): Illuminate\\Database\\Migrations\\Migrator->usingConnection(NULL, Object(Closure))
#16 /Applications/MAMP/htdocs/proyectos/2024/abogadosApp/backend-api-lawyer/vendor/laravel/framework/src/Illuminate/Container/BoundMethod.php(36): Illuminate\\Database\\Console\\Migrations\\MigrateCommand->handle()
#17 /Applications/MAMP/htdocs/proyectos/2024/abogadosApp/backend-api-lawyer/vendor/laravel/framework/src/Illuminate/Container/Util.php(40): Illuminate\\Container\\BoundMethod::{closure:Illuminate\\Container\\BoundMethod::call():35}()
#18 /Applications/MAMP/htdocs/proyectos/2024/abogadosApp/backend-api-lawyer/vendor/laravel/framework/src/Illuminate/Container/BoundMethod.php(93): Illuminate\\Container\\Util::unwrapIfClosure(Object(Closure))
#19 /Applications/MAMP/htdocs/proyectos/2024/abogadosApp/backend-api-lawyer/vendor/laravel/framework/src/Illuminate/Container/BoundMethod.php(35): Illuminate\\Container\\BoundMethod::callBoundMethod(Object(Illuminate\\Foundation\\Application), Array, Object(Closure))
#20 /Applications/MAMP/htdocs/proyectos/2024/abogadosApp/backend-api-lawyer/vendor/laravel/framework/src/Illuminate/Container/Container.php(653): Illuminate\\Container\\BoundMethod::call(Object(Illuminate\\Foundation\\Application), Array, Array, NULL)
#21 /Applications/MAMP/htdocs/proyectos/2024/abogadosApp/backend-api-lawyer/vendor/laravel/framework/src/Illuminate/Console/Command.php(136): Illuminate\\Container\\Container->call(Array)
#22 /Applications/MAMP/htdocs/proyectos/2024/abogadosApp/backend-api-lawyer/vendor/symfony/console/Command/Command.php(298): Illuminate\\Console\\Command->execute(Object(Symfony\\Component\\Console\\Input\\ArgvInput), Object(Illuminate\\Console\\OutputStyle))
#23 /Applications/MAMP/htdocs/proyectos/2024/abogadosApp/backend-api-lawyer/vendor/laravel/framework/src/Illuminate/Console/Command.php(120): Symfony\\Component\\Console\\Command\\Command->run(Object(Symfony\\Component\\Console\\Input\\ArgvInput), Object(Illuminate\\Console\\OutputStyle))
#24 /Applications/MAMP/htdocs/proyectos/2024/abogadosApp/backend-api-lawyer/vendor/symfony/console/Application.php(1040): Illuminate\\Console\\Command->run(Object(Symfony\\Component\\Console\\Input\\ArgvInput), Object(Symfony\\Component\\Console\\Output\\ConsoleOutput))
#25 /Applications/MAMP/htdocs/proyectos/2024/abogadosApp/backend-api-lawyer/vendor/symfony/console/Application.php(301): Symfony\\Component\\Console\\Application->doRunCommand(Object(Illuminate\\Database\\Console\\Migrations\\MigrateCommand), Object(Symfony\\Component\\Console\\Input\\ArgvInput), Object(Symfony\\Component\\Console\\Output\\ConsoleOutput))
#26 /Applications/MAMP/htdocs/proyectos/2024/abogadosApp/backend-api-lawyer/vendor/symfony/console/Application.php(171): Symfony\\Component\\Console\\Application->doRun(Object(Symfony\\Component\\Console\\Input\\ArgvInput), Object(Symfony\\Component\\Console\\Output\\ConsoleOutput))
#27 /Applications/MAMP/htdocs/proyectos/2024/abogadosApp/backend-api-lawyer/vendor/laravel/framework/src/Illuminate/Console/Application.php(94): Symfony\\Component\\Console\\Application->run(Object(Symfony\\Component\\Console\\Input\\ArgvInput), Object(Symfony\\Component\\Console\\Output\\ConsoleOutput))
#28 /Applications/MAMP/htdocs/proyectos/2024/abogadosApp/backend-api-lawyer/vendor/laravel/framework/src/Illuminate/Foundation/Console/Kernel.php(129): Illuminate\\Console\\Application->run(Object(Symfony\\Component\\Console\\Input\\ArgvInput), Object(Symfony\\Component\\Console\\Output\\ConsoleOutput))
#29 /Applications/MAMP/htdocs/proyectos/2024/abogadosApp/backend-api-lawyer/artisan(35): Illuminate\\Foundation\\Console\\Kernel->handle(Object(Symfony\\Component\\Console\\Input\\ArgvInput), Object(Symfony\\Component\\Console\\Output\\ConsoleOutput))
#30 {main}

[previous exception] [object] (PDOException(code: HY000): SQLSTATE[HY000]: General error: 1215 Cannot add foreign key constraint at /Applications/MAMP/htdocs/proyectos/2024/abogadosApp/backend-api-lawyer/vendor/laravel/framework/src/Illuminate/Database/Connection.php:501)
[stacktrace]
#0 /Applications/MAMP/htdocs/proyectos/2024/abogadosApp/backend-api-lawyer/vendor/laravel/framework/src/Illuminate/Database/Connection.php(501): PDOStatement->execute()
#1 /Applications/MAMP/htdocs/proyectos/2024/abogadosApp/backend-api-lawyer/vendor/laravel/framework/src/Illuminate/Database/Connection.php(705): Illuminate\\Database\\Connection->{closure:Illuminate\\Database\\Connection::statement():490}('alter table `pa...', Array)
#2 /Applications/MAMP/htdocs/proyectos/2024/abogadosApp/backend-api-lawyer/vendor/laravel/framework/src/Illuminate/Database/Connection.php(672): Illuminate\\Database\\Connection->runQueryCallback('alter table `pa...', Array, Object(Closure))
#3 /Applications/MAMP/htdocs/proyectos/2024/abogadosApp/backend-api-lawyer/vendor/laravel/framework/src/Illuminate/Database/Connection.php(490): Illuminate\\Database\\Connection->run('alter table `pa...', Array, Object(Closure))
#4 /Applications/MAMP/htdocs/proyectos/2024/abogadosApp/backend-api-lawyer/vendor/laravel/framework/src/Illuminate/Database/Schema/Blueprint.php(109): Illuminate\\Database\\Connection->statement('alter table `pa...')
#5 /Applications/MAMP/htdocs/proyectos/2024/abogadosApp/backend-api-lawyer/vendor/laravel/framework/src/Illuminate/Database/Schema/Builder.php(364): Illuminate\\Database\\Schema\\Blueprint->build(Object(Illuminate\\Database\\MySqlConnection), Object(Illuminate\\Database\\Schema\\Grammars\\MySqlGrammar))
#6 /Applications/MAMP/htdocs/proyectos/2024/abogadosApp/backend-api-lawyer/vendor/laravel/framework/src/Illuminate/Database/Schema/Builder.php(223): Illuminate\\Database\\Schema\\Builder->build(Object(Illuminate\\Database\\Schema\\Blueprint))
#7 /Applications/MAMP/htdocs/proyectos/2024/abogadosApp/backend-api-lawyer/vendor/laravel/framework/src/Illuminate/Support/Facades/Facade.php(261): Illuminate\\Database\\Schema\\Builder->create('payments', Object(Closure))
#8 /Applications/MAMP/htdocs/proyectos/2024/abogadosApp/backend-api-lawyer/database/migrations/2022_12_09_225551_create_payments_table.php(17): Illuminate\\Support\\Facades\\Facade::__callStatic('create', Array)
#9 /Applications/MAMP/htdocs/proyectos/2024/abogadosApp/backend-api-lawyer/vendor/laravel/framework/src/Illuminate/Database/Migrations/Migrator.php(472): CreatePaymentsTable->up()
#10 /Applications/MAMP/htdocs/proyectos/2024/abogadosApp/backend-api-lawyer/vendor/laravel/framework/src/Illuminate/Database/Migrations/Migrator.php(394): Illuminate\\Database\\Migrations\\Migrator->runMethod(Object(Illuminate\\Database\\MySqlConnection), Object(CreatePaymentsTable), 'up')
#11 /Applications/MAMP/htdocs/proyectos/2024/abogadosApp/backend-api-lawyer/vendor/laravel/framework/src/Illuminate/Database/Migrations/Migrator.php(403): Illuminate\\Database\\Migrations\\Migrator->{closure:Illuminate\\Database\\Migrations\\Migrator::runMigration():390}()
#12 /Applications/MAMP/htdocs/proyectos/2024/abogadosApp/backend-api-lawyer/vendor/laravel/framework/src/Illuminate/Database/Migrations/Migrator.php(202): Illuminate\\Database\\Migrations\\Migrator->runMigration(Object(CreatePaymentsTable), 'up')
#13 /Applications/MAMP/htdocs/proyectos/2024/abogadosApp/backend-api-lawyer/vendor/laravel/framework/src/Illuminate/Database/Migrations/Migrator.php(167): Illuminate\\Database\\Migrations\\Migrator->runUp('/Applications/M...', 1, false)
#14 /Applications/MAMP/htdocs/proyectos/2024/abogadosApp/backend-api-lawyer/vendor/laravel/framework/src/Illuminate/Database/Migrations/Migrator.php(112): Illuminate\\Database\\Migrations\\Migrator->runPending(Array, Array)
#15 /Applications/MAMP/htdocs/proyectos/2024/abogadosApp/backend-api-lawyer/vendor/laravel/framework/src/Illuminate/Database/Console/Migrations/MigrateCommand.php(84): Illuminate\\Database\\Migrations\\Migrator->run(Array, Array)
#16 /Applications/MAMP/htdocs/proyectos/2024/abogadosApp/backend-api-lawyer/vendor/laravel/framework/src/Illuminate/Database/Migrations/Migrator.php(606): Illuminate\\Database\\Console\\Migrations\\MigrateCommand->{closure:Illuminate\\Database\\Console\\Migrations\\MigrateCommand::handle():77}()
#17 /Applications/MAMP/htdocs/proyectos/2024/abogadosApp/backend-api-lawyer/vendor/laravel/framework/src/Illuminate/Database/Console/Migrations/MigrateCommand.php(77): Illuminate\\Database\\Migrations\\Migrator->usingConnection(NULL, Object(Closure))
#18 /Applications/MAMP/htdocs/proyectos/2024/abogadosApp/backend-api-lawyer/vendor/laravel/framework/src/Illuminate/Container/BoundMethod.php(36): Illuminate\\Database\\Console\\Migrations\\MigrateCommand->handle()
#19 /Applications/MAMP/htdocs/proyectos/2024/abogadosApp/backend-api-lawyer/vendor/laravel/framework/src/Illuminate/Container/Util.php(40): Illuminate\\Container\\BoundMethod::{closure:Illuminate\\Container\\BoundMethod::call():35}()
#20 /Applications/MAMP/htdocs/proyectos/2024/abogadosApp/backend-api-lawyer/vendor/laravel/framework/src/Illuminate/Container/BoundMethod.php(93): Illuminate\\Container\\Util::unwrapIfClosure(Object(Closure))
#21 /Applications/MAMP/htdocs/proyectos/2024/abogadosApp/backend-api-lawyer/vendor/laravel/framework/src/Illuminate/Container/BoundMethod.php(35): Illuminate\\Container\\BoundMethod::callBoundMethod(Object(Illuminate\\Foundation\\Application), Array, Object(Closure))
#22 /Applications/MAMP/htdocs/proyectos/2024/abogadosApp/backend-api-lawyer/vendor/laravel/framework/src/Illuminate/Container/Container.php(653): Illuminate\\Container\\BoundMethod::call(Object(Illuminate\\Foundation\\Application), Array, Array, NULL)
#23 /Applications/MAMP/htdocs/proyectos/2024/abogadosApp/backend-api-lawyer/vendor/laravel/framework/src/Illuminate/Console/Command.php(136): Illuminate\\Container\\Container->call(Array)
#24 /Applications/MAMP/htdocs/proyectos/2024/abogadosApp/backend-api-lawyer/vendor/symfony/console/Command/Command.php(298): Illuminate\\Console\\Command->execute(Object(Symfony\\Component\\Console\\Input\\ArgvInput), Object(Illuminate\\Console\\OutputStyle))
#25 /Applications/MAMP/htdocs/proyectos/2024/abogadosApp/backend-api-lawyer/vendor/laravel/framework/src/Illuminate/Console/Command.php(120): Symfony\\Component\\Console\\Command\\Command->run(Object(Symfony\\Component\\Console\\Input\\ArgvInput), Object(Illuminate\\Console\\OutputStyle))
#26 /Applications/MAMP/htdocs/proyectos/2024/abogadosApp/backend-api-lawyer/vendor/symfony/console/Application.php(1040): Illuminate\\Console\\Command->run(Object(Symfony\\Component\\Console\\Input\\ArgvInput), Object(Symfony\\Component\\Console\\Output\\ConsoleOutput))
#27 /Applications/MAMP/htdocs/proyectos/2024/abogadosApp/backend-api-lawyer/vendor/symfony/console/Application.php(301): Symfony\\Component\\Console\\Application->doRunCommand(Object(Illuminate\\Database\\Console\\Migrations\\MigrateCommand), Object(Symfony\\Component\\Console\\Input\\ArgvInput), Object(Symfony\\Component\\Console\\Output\\ConsoleOutput))
#28 /Applications/MAMP/htdocs/proyectos/2024/abogadosApp/backend-api-lawyer/vendor/symfony/console/Application.php(171): Symfony\\Component\\Console\\Application->doRun(Object(Symfony\\Component\\Console\\Input\\ArgvInput), Object(Symfony\\Component\\Console\\Output\\ConsoleOutput))
#29 /Applications/MAMP/htdocs/proyectos/2024/abogadosApp/backend-api-lawyer/vendor/laravel/framework/src/Illuminate/Console/Application.php(94): Symfony\\Component\\Console\\Application->run(Object(Symfony\\Component\\Console\\Input\\ArgvInput), Object(Symfony\\Component\\Console\\Output\\ConsoleOutput))
#30 /Applications/MAMP/htdocs/proyectos/2024/abogadosApp/backend-api-lawyer/vendor/laravel/framework/src/Illuminate/Foundation/Console/Kernel.php(129): Illuminate\\Console\\Application->run(Object(Symfony\\Component\\Console\\Input\\ArgvInput), Object(Symfony\\Component\\Console\\Output\\ConsoleOutput))
#31 /Applications/MAMP/htdocs/proyectos/2024/abogadosApp/backend-api-lawyer/artisan(35): Illuminate\\Foundation\\Console\\Kernel->handle(Object(Symfony\\Component\\Console\\Input\\ArgvInput), Object(Symfony\\Component\\Console\\Output\\ConsoleOutput))
#32 {main}
"} 
[2025-02-12 15:20:44] local.ERROR: SQLSTATE[HY000]: General error: 1215 Cannot add foreign key constraint (SQL: alter table `payments` add constraint `payments_curso_id_foreign` foreign key (`curso_id`) references `cursos` (`id`) on delete cascade) {"exception":"[object] (Illuminate\\Database\\QueryException(code: HY000): SQLSTATE[HY000]: General error: 1215 Cannot add foreign key constraint (SQL: alter table `payments` add constraint `payments_curso_id_foreign` foreign key (`curso_id`) references `cursos` (`id`) on delete cascade) at /Applications/MAMP/htdocs/proyectos/2024/abogadosApp/backend-api-lawyer/vendor/laravel/framework/src/Illuminate/Database/Connection.php:712)
[stacktrace]
#0 /Applications/MAMP/htdocs/proyectos/2024/abogadosApp/backend-api-lawyer/vendor/laravel/framework/src/Illuminate/Database/Connection.php(672): Illuminate\\Database\\Connection->runQueryCallback('alter table `pa...', Array, Object(Closure))
#1 /Applications/MAMP/htdocs/proyectos/2024/abogadosApp/backend-api-lawyer/vendor/laravel/framework/src/Illuminate/Database/Connection.php(490): Illuminate\\Database\\Connection->run('alter table `pa...', Array, Object(Closure))
#2 /Applications/MAMP/htdocs/proyectos/2024/abogadosApp/backend-api-lawyer/vendor/laravel/framework/src/Illuminate/Database/Schema/Blueprint.php(109): Illuminate\\Database\\Connection->statement('alter table `pa...')
#3 /Applications/MAMP/htdocs/proyectos/2024/abogadosApp/backend-api-lawyer/vendor/laravel/framework/src/Illuminate/Database/Schema/Builder.php(364): Illuminate\\Database\\Schema\\Blueprint->build(Object(Illuminate\\Database\\MySqlConnection), Object(Illuminate\\Database\\Schema\\Grammars\\MySqlGrammar))
#4 /Applications/MAMP/htdocs/proyectos/2024/abogadosApp/backend-api-lawyer/vendor/laravel/framework/src/Illuminate/Database/Schema/Builder.php(223): Illuminate\\Database\\Schema\\Builder->build(Object(Illuminate\\Database\\Schema\\Blueprint))
#5 /Applications/MAMP/htdocs/proyectos/2024/abogadosApp/backend-api-lawyer/vendor/laravel/framework/src/Illuminate/Support/Facades/Facade.php(261): Illuminate\\Database\\Schema\\Builder->create('payments', Object(Closure))
#6 /Applications/MAMP/htdocs/proyectos/2024/abogadosApp/backend-api-lawyer/database/migrations/2022_12_09_225551_create_payments_table.php(17): Illuminate\\Support\\Facades\\Facade::__callStatic('create', Array)
#7 /Applications/MAMP/htdocs/proyectos/2024/abogadosApp/backend-api-lawyer/vendor/laravel/framework/src/Illuminate/Database/Migrations/Migrator.php(472): CreatePaymentsTable->up()
#8 /Applications/MAMP/htdocs/proyectos/2024/abogadosApp/backend-api-lawyer/vendor/laravel/framework/src/Illuminate/Database/Migrations/Migrator.php(394): Illuminate\\Database\\Migrations\\Migrator->runMethod(Object(Illuminate\\Database\\MySqlConnection), Object(CreatePaymentsTable), 'up')
#9 /Applications/MAMP/htdocs/proyectos/2024/abogadosApp/backend-api-lawyer/vendor/laravel/framework/src/Illuminate/Database/Migrations/Migrator.php(403): Illuminate\\Database\\Migrations\\Migrator->{closure:Illuminate\\Database\\Migrations\\Migrator::runMigration():390}()
#10 /Applications/MAMP/htdocs/proyectos/2024/abogadosApp/backend-api-lawyer/vendor/laravel/framework/src/Illuminate/Database/Migrations/Migrator.php(202): Illuminate\\Database\\Migrations\\Migrator->runMigration(Object(CreatePaymentsTable), 'up')
#11 /Applications/MAMP/htdocs/proyectos/2024/abogadosApp/backend-api-lawyer/vendor/laravel/framework/src/Illuminate/Database/Migrations/Migrator.php(167): Illuminate\\Database\\Migrations\\Migrator->runUp('/Applications/M...', 1, false)
#12 /Applications/MAMP/htdocs/proyectos/2024/abogadosApp/backend-api-lawyer/vendor/laravel/framework/src/Illuminate/Database/Migrations/Migrator.php(112): Illuminate\\Database\\Migrations\\Migrator->runPending(Array, Array)
#13 /Applications/MAMP/htdocs/proyectos/2024/abogadosApp/backend-api-lawyer/vendor/laravel/framework/src/Illuminate/Database/Console/Migrations/MigrateCommand.php(84): Illuminate\\Database\\Migrations\\Migrator->run(Array, Array)
#14 /Applications/MAMP/htdocs/proyectos/2024/abogadosApp/backend-api-lawyer/vendor/laravel/framework/src/Illuminate/Database/Migrations/Migrator.php(606): Illuminate\\Database\\Console\\Migrations\\MigrateCommand->{closure:Illuminate\\Database\\Console\\Migrations\\MigrateCommand::handle():77}()
#15 /Applications/MAMP/htdocs/proyectos/2024/abogadosApp/backend-api-lawyer/vendor/laravel/framework/src/Illuminate/Database/Console/Migrations/MigrateCommand.php(77): Illuminate\\Database\\Migrations\\Migrator->usingConnection(NULL, Object(Closure))
#16 /Applications/MAMP/htdocs/proyectos/2024/abogadosApp/backend-api-lawyer/vendor/laravel/framework/src/Illuminate/Container/BoundMethod.php(36): Illuminate\\Database\\Console\\Migrations\\MigrateCommand->handle()
#17 /Applications/MAMP/htdocs/proyectos/2024/abogadosApp/backend-api-lawyer/vendor/laravel/framework/src/Illuminate/Container/Util.php(40): Illuminate\\Container\\BoundMethod::{closure:Illuminate\\Container\\BoundMethod::call():35}()
#18 /Applications/MAMP/htdocs/proyectos/2024/abogadosApp/backend-api-lawyer/vendor/laravel/framework/src/Illuminate/Container/BoundMethod.php(93): Illuminate\\Container\\Util::unwrapIfClosure(Object(Closure))
#19 /Applications/MAMP/htdocs/proyectos/2024/abogadosApp/backend-api-lawyer/vendor/laravel/framework/src/Illuminate/Container/BoundMethod.php(35): Illuminate\\Container\\BoundMethod::callBoundMethod(Object(Illuminate\\Foundation\\Application), Array, Object(Closure))
#20 /Applications/MAMP/htdocs/proyectos/2024/abogadosApp/backend-api-lawyer/vendor/laravel/framework/src/Illuminate/Container/Container.php(653): Illuminate\\Container\\BoundMethod::call(Object(Illuminate\\Foundation\\Application), Array, Array, NULL)
#21 /Applications/MAMP/htdocs/proyectos/2024/abogadosApp/backend-api-lawyer/vendor/laravel/framework/src/Illuminate/Console/Command.php(136): Illuminate\\Container\\Container->call(Array)
#22 /Applications/MAMP/htdocs/proyectos/2024/abogadosApp/backend-api-lawyer/vendor/symfony/console/Command/Command.php(298): Illuminate\\Console\\Command->execute(Object(Symfony\\Component\\Console\\Input\\ArgvInput), Object(Illuminate\\Console\\OutputStyle))
#23 /Applications/MAMP/htdocs/proyectos/2024/abogadosApp/backend-api-lawyer/vendor/laravel/framework/src/Illuminate/Console/Command.php(120): Symfony\\Component\\Console\\Command\\Command->run(Object(Symfony\\Component\\Console\\Input\\ArgvInput), Object(Illuminate\\Console\\OutputStyle))
#24 /Applications/MAMP/htdocs/proyectos/2024/abogadosApp/backend-api-lawyer/vendor/symfony/console/Application.php(1040): Illuminate\\Console\\Command->run(Object(Symfony\\Component\\Console\\Input\\ArgvInput), Object(Symfony\\Component\\Console\\Output\\ConsoleOutput))
#25 /Applications/MAMP/htdocs/proyectos/2024/abogadosApp/backend-api-lawyer/vendor/symfony/console/Application.php(301): Symfony\\Component\\Console\\Application->doRunCommand(Object(Illuminate\\Database\\Console\\Migrations\\MigrateCommand), Object(Symfony\\Component\\Console\\Input\\ArgvInput), Object(Symfony\\Component\\Console\\Output\\ConsoleOutput))
#26 /Applications/MAMP/htdocs/proyectos/2024/abogadosApp/backend-api-lawyer/vendor/symfony/console/Application.php(171): Symfony\\Component\\Console\\Application->doRun(Object(Symfony\\Component\\Console\\Input\\ArgvInput), Object(Symfony\\Component\\Console\\Output\\ConsoleOutput))
#27 /Applications/MAMP/htdocs/proyectos/2024/abogadosApp/backend-api-lawyer/vendor/laravel/framework/src/Illuminate/Console/Application.php(94): Symfony\\Component\\Console\\Application->run(Object(Symfony\\Component\\Console\\Input\\ArgvInput), Object(Symfony\\Component\\Console\\Output\\ConsoleOutput))
#28 /Applications/MAMP/htdocs/proyectos/2024/abogadosApp/backend-api-lawyer/vendor/laravel/framework/src/Illuminate/Foundation/Console/Kernel.php(129): Illuminate\\Console\\Application->run(Object(Symfony\\Component\\Console\\Input\\ArgvInput), Object(Symfony\\Component\\Console\\Output\\ConsoleOutput))
#29 /Applications/MAMP/htdocs/proyectos/2024/abogadosApp/backend-api-lawyer/artisan(35): Illuminate\\Foundation\\Console\\Kernel->handle(Object(Symfony\\Component\\Console\\Input\\ArgvInput), Object(Symfony\\Component\\Console\\Output\\ConsoleOutput))
#30 {main}

[previous exception] [object] (PDOException(code: HY000): SQLSTATE[HY000]: General error: 1215 Cannot add foreign key constraint at /Applications/MAMP/htdocs/proyectos/2024/abogadosApp/backend-api-lawyer/vendor/laravel/framework/src/Illuminate/Database/Connection.php:501)
[stacktrace]
#0 /Applications/MAMP/htdocs/proyectos/2024/abogadosApp/backend-api-lawyer/vendor/laravel/framework/src/Illuminate/Database/Connection.php(501): PDOStatement->execute()
#1 /Applications/MAMP/htdocs/proyectos/2024/abogadosApp/backend-api-lawyer/vendor/laravel/framework/src/Illuminate/Database/Connection.php(705): Illuminate\\Database\\Connection->{closure:Illuminate\\Database\\Connection::statement():490}('alter table `pa...', Array)
#2 /Applications/MAMP/htdocs/proyectos/2024/abogadosApp/backend-api-lawyer/vendor/laravel/framework/src/Illuminate/Database/Connection.php(672): Illuminate\\Database\\Connection->runQueryCallback('alter table `pa...', Array, Object(Closure))
#3 /Applications/MAMP/htdocs/proyectos/2024/abogadosApp/backend-api-lawyer/vendor/laravel/framework/src/Illuminate/Database/Connection.php(490): Illuminate\\Database\\Connection->run('alter table `pa...', Array, Object(Closure))
#4 /Applications/MAMP/htdocs/proyectos/2024/abogadosApp/backend-api-lawyer/vendor/laravel/framework/src/Illuminate/Database/Schema/Blueprint.php(109): Illuminate\\Database\\Connection->statement('alter table `pa...')
#5 /Applications/MAMP/htdocs/proyectos/2024/abogadosApp/backend-api-lawyer/vendor/laravel/framework/src/Illuminate/Database/Schema/Builder.php(364): Illuminate\\Database\\Schema\\Blueprint->build(Object(Illuminate\\Database\\MySqlConnection), Object(Illuminate\\Database\\Schema\\Grammars\\MySqlGrammar))
#6 /Applications/MAMP/htdocs/proyectos/2024/abogadosApp/backend-api-lawyer/vendor/laravel/framework/src/Illuminate/Database/Schema/Builder.php(223): Illuminate\\Database\\Schema\\Builder->build(Object(Illuminate\\Database\\Schema\\Blueprint))
#7 /Applications/MAMP/htdocs/proyectos/2024/abogadosApp/backend-api-lawyer/vendor/laravel/framework/src/Illuminate/Support/Facades/Facade.php(261): Illuminate\\Database\\Schema\\Builder->create('payments', Object(Closure))
#8 /Applications/MAMP/htdocs/proyectos/2024/abogadosApp/backend-api-lawyer/database/migrations/2022_12_09_225551_create_payments_table.php(17): Illuminate\\Support\\Facades\\Facade::__callStatic('create', Array)
#9 /Applications/MAMP/htdocs/proyectos/2024/abogadosApp/backend-api-lawyer/vendor/laravel/framework/src/Illuminate/Database/Migrations/Migrator.php(472): CreatePaymentsTable->up()
#10 /Applications/MAMP/htdocs/proyectos/2024/abogadosApp/backend-api-lawyer/vendor/laravel/framework/src/Illuminate/Database/Migrations/Migrator.php(394): Illuminate\\Database\\Migrations\\Migrator->runMethod(Object(Illuminate\\Database\\MySqlConnection), Object(CreatePaymentsTable), 'up')
#11 /Applications/MAMP/htdocs/proyectos/2024/abogadosApp/backend-api-lawyer/vendor/laravel/framework/src/Illuminate/Database/Migrations/Migrator.php(403): Illuminate\\Database\\Migrations\\Migrator->{closure:Illuminate\\Database\\Migrations\\Migrator::runMigration():390}()
#12 /Applications/MAMP/htdocs/proyectos/2024/abogadosApp/backend-api-lawyer/vendor/laravel/framework/src/Illuminate/Database/Migrations/Migrator.php(202): Illuminate\\Database\\Migrations\\Migrator->runMigration(Object(CreatePaymentsTable), 'up')
#13 /Applications/MAMP/htdocs/proyectos/2024/abogadosApp/backend-api-lawyer/vendor/laravel/framework/src/Illuminate/Database/Migrations/Migrator.php(167): Illuminate\\Database\\Migrations\\Migrator->runUp('/Applications/M...', 1, false)
#14 /Applications/MAMP/htdocs/proyectos/2024/abogadosApp/backend-api-lawyer/vendor/laravel/framework/src/Illuminate/Database/Migrations/Migrator.php(112): Illuminate\\Database\\Migrations\\Migrator->runPending(Array, Array)
#15 /Applications/MAMP/htdocs/proyectos/2024/abogadosApp/backend-api-lawyer/vendor/laravel/framework/src/Illuminate/Database/Console/Migrations/MigrateCommand.php(84): Illuminate\\Database\\Migrations\\Migrator->run(Array, Array)
#16 /Applications/MAMP/htdocs/proyectos/2024/abogadosApp/backend-api-lawyer/vendor/laravel/framework/src/Illuminate/Database/Migrations/Migrator.php(606): Illuminate\\Database\\Console\\Migrations\\MigrateCommand->{closure:Illuminate\\Database\\Console\\Migrations\\MigrateCommand::handle():77}()
#17 /Applications/MAMP/htdocs/proyectos/2024/abogadosApp/backend-api-lawyer/vendor/laravel/framework/src/Illuminate/Database/Console/Migrations/MigrateCommand.php(77): Illuminate\\Database\\Migrations\\Migrator->usingConnection(NULL, Object(Closure))
#18 /Applications/MAMP/htdocs/proyectos/2024/abogadosApp/backend-api-lawyer/vendor/laravel/framework/src/Illuminate/Container/BoundMethod.php(36): Illuminate\\Database\\Console\\Migrations\\MigrateCommand->handle()
#19 /Applications/MAMP/htdocs/proyectos/2024/abogadosApp/backend-api-lawyer/vendor/laravel/framework/src/Illuminate/Container/Util.php(40): Illuminate\\Container\\BoundMethod::{closure:Illuminate\\Container\\BoundMethod::call():35}()
#20 /Applications/MAMP/htdocs/proyectos/2024/abogadosApp/backend-api-lawyer/vendor/laravel/framework/src/Illuminate/Container/BoundMethod.php(93): Illuminate\\Container\\Util::unwrapIfClosure(Object(Closure))
#21 /Applications/MAMP/htdocs/proyectos/2024/abogadosApp/backend-api-lawyer/vendor/laravel/framework/src/Illuminate/Container/BoundMethod.php(35): Illuminate\\Container\\BoundMethod::callBoundMethod(Object(Illuminate\\Foundation\\Application), Array, Object(Closure))
#22 /Applications/MAMP/htdocs/proyectos/2024/abogadosApp/backend-api-lawyer/vendor/laravel/framework/src/Illuminate/Container/Container.php(653): Illuminate\\Container\\BoundMethod::call(Object(Illuminate\\Foundation\\Application), Array, Array, NULL)
#23 /Applications/MAMP/htdocs/proyectos/2024/abogadosApp/backend-api-lawyer/vendor/laravel/framework/src/Illuminate/Console/Command.php(136): Illuminate\\Container\\Container->call(Array)
#24 /Applications/MAMP/htdocs/proyectos/2024/abogadosApp/backend-api-lawyer/vendor/symfony/console/Command/Command.php(298): Illuminate\\Console\\Command->execute(Object(Symfony\\Component\\Console\\Input\\ArgvInput), Object(Illuminate\\Console\\OutputStyle))
#25 /Applications/MAMP/htdocs/proyectos/2024/abogadosApp/backend-api-lawyer/vendor/laravel/framework/src/Illuminate/Console/Command.php(120): Symfony\\Component\\Console\\Command\\Command->run(Object(Symfony\\Component\\Console\\Input\\ArgvInput), Object(Illuminate\\Console\\OutputStyle))
#26 /Applications/MAMP/htdocs/proyectos/2024/abogadosApp/backend-api-lawyer/vendor/symfony/console/Application.php(1040): Illuminate\\Console\\Command->run(Object(Symfony\\Component\\Console\\Input\\ArgvInput), Object(Symfony\\Component\\Console\\Output\\ConsoleOutput))
#27 /Applications/MAMP/htdocs/proyectos/2024/abogadosApp/backend-api-lawyer/vendor/symfony/console/Application.php(301): Symfony\\Component\\Console\\Application->doRunCommand(Object(Illuminate\\Database\\Console\\Migrations\\MigrateCommand), Object(Symfony\\Component\\Console\\Input\\ArgvInput), Object(Symfony\\Component\\Console\\Output\\ConsoleOutput))
#28 /Applications/MAMP/htdocs/proyectos/2024/abogadosApp/backend-api-lawyer/vendor/symfony/console/Application.php(171): Symfony\\Component\\Console\\Application->doRun(Object(Symfony\\Component\\Console\\Input\\ArgvInput), Object(Symfony\\Component\\Console\\Output\\ConsoleOutput))
#29 /Applications/MAMP/htdocs/proyectos/2024/abogadosApp/backend-api-lawyer/vendor/laravel/framework/src/Illuminate/Console/Application.php(94): Symfony\\Component\\Console\\Application->run(Object(Symfony\\Component\\Console\\Input\\ArgvInput), Object(Symfony\\Component\\Console\\Output\\ConsoleOutput))
#30 /Applications/MAMP/htdocs/proyectos/2024/abogadosApp/backend-api-lawyer/vendor/laravel/framework/src/Illuminate/Foundation/Console/Kernel.php(129): Illuminate\\Console\\Application->run(Object(Symfony\\Component\\Console\\Input\\ArgvInput), Object(Symfony\\Component\\Console\\Output\\ConsoleOutput))
#31 /Applications/MAMP/htdocs/proyectos/2024/abogadosApp/backend-api-lawyer/artisan(35): Illuminate\\Foundation\\Console\\Kernel->handle(Object(Symfony\\Component\\Console\\Input\\ArgvInput), Object(Symfony\\Component\\Console\\Output\\ConsoleOutput))
#32 {main}
"} 
